mode: atomic
github.com/sumitroajiprabowo/go-httprouter/exception/not_found.go:8.62,10.2 1 1
github.com/sumitroajiprabowo/go-httprouter/exception/error.go:10.21,12.2 1 1
github.com/sumitroajiprabowo/go-httprouter/exception/method_not_allowed.go:8.70,10.2 1 1
github.com/sumitroajiprabowo/go-httprouter/middleware/log.go:12.62,14.2 1 1
github.com/sumitroajiprabowo/go-httprouter/middleware/log.go:16.76,19.2 2 1
github.com/sumitroajiprabowo/go-httprouter/auth.go:9.94,10.76 1 4
github.com/sumitroajiprabowo/go-httprouter/auth.go:10.76,14.70 2 4
github.com/sumitroajiprabowo/go-httprouter/auth.go:14.70,17.4 1 2
github.com/sumitroajiprabowo/go-httprouter/auth.go:17.9,21.4 2 2
github.com/sumitroajiprabowo/go-httprouter/main.go:9.13,31.2 12 0
github.com/sumitroajiprabowo/go-httprouter/router.go:11.73,13.2 1 2
github.com/sumitroajiprabowo/go-httprouter/router.go:16.80,18.2 1 1
github.com/sumitroajiprabowo/go-httprouter/router.go:33.24,37.2 1 1
github.com/sumitroajiprabowo/go-httprouter/router.go:53.24,55.2 1 1
github.com/sumitroajiprabowo/go-httprouter/router.go:59.24,60.14 1 1
github.com/sumitroajiprabowo/go-httprouter/router.go:63.77,65.2 1 1
github.com/sumitroajiprabowo/go-httprouter/router.go:67.77,69.2 1 1
